<?xml version="1.0" encoding="UTF-8"?>
<!-- Generated by org.testng.reporters.JUnitReportReporter -->
<testsuite hostname="DESKTOP-75SF3QH" failures="0" tests="1" name="test.Homepage" time="3.360" errors="0" timestamp="2022-05-01T18:45:39 IST" skipped="0">
  <testcase classname="test.Homepage" name="mouseAction" time="3.360"/>
  <system-out/>
</testsuite> <!-- test.Homepage -->
