<?xml version="1.0" encoding="UTF-8"?>
<!-- Generated by org.testng.reporters.JUnitReportReporter -->
<testsuite hostname="DESKTOP-75SF3QH" failures="0" tests="1" name="test.NykaaTest" time="28.277" errors="0" timestamp="2022-05-11T14:44:08 IST" skipped="0">
  <testcase classname="test.NykaaTest" name="MouseHover" time="28.277"/>
  <system-out/>
</testsuite> <!-- test.NykaaTest -->
